<?xml version="1.0" encoding="UTF-8"?>
<!-- Generated by org.testng.reporters.JUnitReportReporter -->
<testsuite hostname="TYSS-Santhosh" failures="0" tests="1" name="reqRes.Users" time="2.752" errors="0" timestamp="2024-02-14T18:54:23 IST" skipped="0">
  <testcase classname="reqRes.Users" name="LogibnToShopperStack" time="2.752"/>
</testsuite> <!-- reqRes.Users -->
